<?xml version="1.0" encoding="UTF-8"?>
<testng-results ignored="0" total="1" passed="1" failed="0" skipped="0">
  <reporter-output>
  </reporter-output>
  <suite started-at="2024-02-12T17:40:38 IST" name="Default suite" finished-at="2024-02-12T17:41:47 IST" duration-ms="68829">
    <groups>
    </groups>
    <test started-at="2024-02-12T17:40:38 IST" name="Default test" finished-at="2024-02-12T17:41:47 IST" duration-ms="68829">
      <class name="automationTest.UserCustomeField">
        <test-method signature="UserCustomeField()[pri:0, instance:automationTest.UserCustomeField@7b2bbc3]" started-at="2024-02-12T17:40:38 IST" name="UserCustomeField" finished-at="2024-02-12T17:41:47 IST" duration-ms="68758" status="PASS">
          <reporter-output>
          </reporter-output>
        </test-method> <!-- UserCustomeField -->
        <test-method is-config="true" signature="tearDown()[pri:0, instance:automationTest.UserCustomeField@7b2bbc3]" started-at="2024-02-12T17:41:47 IST" name="tearDown" finished-at="2024-02-12T17:41:47 IST" duration-ms="6" status="PASS">
          <reporter-output>
          </reporter-output>
        </test-method> <!-- tearDown -->
      </class> <!-- automationTest.UserCustomeField -->
    </test> <!-- Default test -->
  </suite> <!-- Default suite -->
</testng-results>
